<?xml version="1.0" encoding="UTF-8"?>
<testsuite name="AppTests.LoginPageTest" tests="1" skipped="0" failures="0" errors="0" timestamp="2023-08-17T03:09:19" hostname="USBLRSYENAQVI2" time="25.073">
  <properties/>
  <testcase name="appLoginTest" classname="AppTests.LoginPageTest" time="25.073"/>
  <system-out><![CDATA[]]></system-out>
  <system-err><![CDATA[SLF4J: Failed to load class "org.slf4j.impl.StaticLoggerBinder".
SLF4J: Defaulting to no-operation (NOP) logger implementation
SLF4J: See http://www.slf4j.org/codes.html#StaticLoggerBinder for further details.
Starting ChromeDriver 114.0.5735.90 (386bc09e8f4f2e025eddae123f36f6263096ae49-refs/branch-heads/5735@{#1052}) on port 22159
Only local connections are allowed.
Please see https://chromedriver.chromium.org/security-considerations for suggestions on keeping ChromeDriver safe.
ChromeDriver was started successfully.
[1692241771.499][WARNING]: This version of ChromeDriver has not been tested with Chrome version 115.
Aug 17, 2023 8:39:32 AM org.openqa.selenium.remote.ProtocolHandshake createSession
INFO: Detected dialect: W3C
]]></system-err>
</testsuite>
